remote: error: GH013: Repository rule violations found for refs/heads/main.        
remote: 
remote: - GITHUB PUSH PROTECTION        
remote:   —————————————————————————————————————————        
remote:     Resolve the following violations before pushing again        
remote: 
remote:     - Push cannot contain secrets        
remote: 
remote:             
remote:      (?) Learn how to resolve a blocked push        
remote:      https://docs.github.com/code-security/secret-scanning/working-with-secret-scanning-and-push-protection/working-with-push-protection-from-the-command-line#resolving-a-blocked-push        
remote:             
remote:             
remote:       —— Vercel Personal Access Token ——————————————————————        
remote:        locations:        
remote:          - commit: db767331d86ebf874c938d6738f143ebb4b3cfd0        
remote:            path: .vercel-token:1        
remote:          - commit: db767331d86ebf874c938d6738f143ebb4b3cfd0        
remote:            path: CREDENCIALES_SETUP.md:25        
remote:             
remote:        (?) To push, remove secret from commit(s) or follow this URL to allow the secret.        
remote:        https://github.com/serviciosypresupuestos7-ship-it/thoth-app/security/secret-scanning/unblock-secret/3GirATMD0sOm2ZpRrEPDsbgam29        
remote:             
remote:             
remote:       —— GitHub Personal Access Token ——————————————————————        
remote:        locations:        
remote:          - commit: db767331d86ebf874c938d6738f143ebb4b3cfd0        
remote:            path: CREDENCIALES_SETUP.md:24        
remote:             
remote:        (?) To push, remove secret from commit(s) or follow this URL to allow the secret.        
remote:        https://github.com/serviciosypresupuestos7-ship-it/thoth-app/security/secret-scanning/unblock-secret/3GirAVMzlXtff7ibd8lnRoB1als        
remote:             
remote: 
remote: 
To https://github.com/serviciosypresupuestos7-ship-it/thoth-app.git
 ! [remote rejected] main -> main (push declined due to repository rule violations)
error: failed to push some refs to 'https://github.com/serviciosypresupuestos7-ship-it/thoth-app.git'
